Running: D:\Xilinx\13.4\ISE_DS\ISE\bin\nt\unwrapped\fuse.exe -intstyle ise -incremental -lib unisims_ver -lib unimacro_ver -lib xilinxcorelib_ver -o D:/CPUVerilog/cpu/testALUControl_isim_beh.exe -prj D:/CPUVerilog/cpu/testALUControl_beh.prj work.testALUControl work.glbl 
ISim O.87xd (signature 0x2f00eba5)
Number of CPUs detected in this system: 2
Turning on mult-threading, number of parallel sub-compilation jobs: 4 
Determining compilation order of HDL files
Analyzing Verilog file "D:/CPUVerilog/cpu/ALUControl.v" into library work
Analyzing Verilog file "D:/CPUVerilog/cpu/testALUControl.v" into library work
Analyzing Verilog file "D:/Xilinx/13.4/ISE_DS/ISE//verilog/src/glbl.v" into library work
Starting static elaboration
Completed static elaboration
Fuse Memory Usage: 64844 KB
Fuse CPU Usage: 359 ms
Compiling module ALUControl
Compiling module testALUControl
Compiling module glbl
Time Resolution for simulation is 1ps.
Waiting for 1 sub-compilation(s) to finish...
Compiled 3 Verilog Units
Built simulation executable D:/CPUVerilog/cpu/testALUControl_isim_beh.exe
Fuse Memory Usage: 69192 KB
Fuse CPU Usage: 390 ms
