iMPACT Version: 13.3

iMPACT log file Started on Wed Jun 06 20:56:19 2012

Welcome to iMPACT
iMPACT Version: 13.3
Project: 'C:\Users\stud\Desktop\vga\\auto_project.ipf' already exists.
Original project has been renamed to'C:\Users\stud\Desktop\vga\\auto_project_1.ipf'.
Project: C:\Users\stud\Desktop\vga\\auto_project.ipf created.
// *** BATCH CMD : setMode -bs
GUI --- Auto connect to cable...
// *** BATCH CMD : setCable -port auto
INFO:iMPACT - Digilent Plugin: no JTAG device was found.
AutoDetecting cable. Please wait.
PROGRESS_START - Starting Operation.
Connecting to cable (Usb Port - USB21).
Checking cable driver.
 Source driver files not found.
The Platform Cable USB is not detected. Please connect a cable.If a cable isconnected, please disconnect
and reconnect to the usb port, follow the instructions in the 'Found NewHardware Wizard', then retry
the Cable Setup operation.
Cable connection failed.
Connecting to cable (Parallel Port - LPT1).
Checking cable driver.
Installing WinDriver6...Installing WinDriver6...
 Installer exit code = 1.
Successful.
 LPT base address = 0378h.
 ECP base address = FFFFFFFFh.
Cable connection failed.
Connecting to cable (Parallel Port - LPT2).
Checking cable driver.
Installing WinDriver6...Installing WinDriver6...
 Installer exit code = 1.
Successful.
Cable connection failed.
Connecting to cable (Parallel Port - LPT3).
Checking cable driver.
Installing WinDriver6...Installing WinDriver6...
 Installer exit code = 1.
Successful.
Cable connection failed.
Connecting to cable (Parallel Port - LPT4).
Checking cable driver.
Installing WinDriver6...Installing WinDriver6...
 Installer exit code = 1.
Successful.
Cable connection failed.
PROGRESS_END - End Operation.
Elapsed time =      2 sec.
Cable autodetection failed.
WARNING:iMPACT:923 - Can not find cable, check cable setup !// *** BATCH CMD : setMode -bs
INFO:iMPACT - Launching WebTalk, please refer to the webtalk log at   C:\Users\stud\Desktop\vga\webtalk.log for details.
INFO:iMPACT - Running wbtc successfully.
// *** BATCH CMD : setMode -bs
// *** BATCH CMD : setMode -ss
// *** BATCH CMD : setMode -sm
// *** BATCH CMD : setMode -hw140
// *** BATCH CMD : setMode -spi
// *** BATCH CMD : setMode -acecf
// *** BATCH CMD : setMode -acempm
// *** BATCH CMD : setMode -pff
