Release 13.3 Map O.76xd (nt)
Xilinx Mapping Report File for Design 'CPU'

Design Information
------------------
Command Line   : map -intstyle ise -p xc3s700an-fgg484-4 -cm area -ir off -pr
off -c 100 -o CPU_map.ncd CPU.ngd CPU.pcf 
Target Device  : xc3s700an
Target Package : fgg484
Target Speed   : -4
Mapper Version : spartan3a -- $Revision: 1.55 $
Mapped Date    : Wed Jun 06 20:53:15 2012

Design Summary
--------------
Number of errors:      0
Number of warnings:    1
Logic Utilization:
  Total Number Slice Registers:       1,216 out of  11,776   10%
    Number used as Flip Flops:        1,184
    Number used as Latches:              32
  Number of 4 input LUTs:             1,429 out of  11,776   12%
Logic Distribution:
  Number of occupied Slices:          1,281 out of   5,888   21%
    Number of Slices containing only related logic:   1,281 out of   1,281 100%
    Number of Slices containing unrelated logic:          0 out of   1,281   0%
      *See NOTES below for an explanation of the effects of unrelated logic.
  Total Number of 4 input LUTs:       1,432 out of  11,776   12%
    Number used as logic:             1,429
    Number used as a route-thru:          3

  The Slice Logic Distribution report is not meaningful if the design is
  over-mapped for a non-slice resource or if Placement fails.

  Number of bonded IOBs:                 66 out of     372   17%
    IOB Flip Flops:                      32
  Number of BUFGMUXs:                     2 out of      24    8%
  Number of RAMB16BWEs:                   2 out of      20   10%

Average Fanout of Non-Clock Nets:                3.37

Peak Memory Usage:  253 MB
Total REAL time to MAP completion:  5 secs 
Total CPU time to MAP completion:   5 secs 

NOTES:

   Related logic is defined as being logic that shares connectivity - e.g. two
   LUTs are "related" if they share common inputs.  When assembling slices,
   Map gives priority to combine logic that is related.  Doing so results in
   the best timing performance.

   Unrelated logic shares no connectivity.  Map will only begin packing
   unrelated logic into a slice once 99% of the slices are occupied through
   related logic packing.

   Note that once logic distribution reaches the 99% level through related
   logic packing, this does not mean the device is completely utilized.
   Unrelated logic packing will then begin, continuing until all usable LUTs
   and FFs are occupied.  Depending on your timing budget, increased levels of
   unrelated logic packing may adversely affect the overall timing performance
   of your design.

Table of Contents
-----------------
Section 1 - Errors
Section 2 - Warnings
Section 3 - Informational
Section 4 - Removed Logic Summary
Section 5 - Removed Logic
Section 6 - IOB Properties
Section 7 - RPMs
Section 8 - Guide Report
Section 9 - Area Group and Partition Summary
Section 10 - Timing Report
Section 11 - Configuration String Information
Section 12 - Control Set Information
Section 13 - Utilization by Hierarchy

Section 1 - Errors
------------------

Section 2 - Warnings
--------------------
WARNING:Security:42 - Your software subscription period has lapsed. Your current
version of Xilinx tools will continue to function, but you no longer qualify for
Xilinx software updates or new releases.
WARNING:Pack:266 - The function generator aluControl/decodedALUOp<5>1 failed to
   merge with F5 multiplexer alu/out<28>207_SW0.  There is a conflict for the
   FXMUX.  The design will exhibit suboptimal timing.

Section 3 - Informational
-------------------------
INFO:Security:54 - 'xc3s700an' is a WebPack part.
INFO:MapLib:562 - No environment variables are currently set.
INFO:MapLib:159 - Net Timing constraints on signal clk are pushed forward
   through input buffer.
INFO:LIT:244 - All of the single ended outputs in this design are using slew
   rate limited output drivers. The delay on speed critical single ended outputs
   can be dramatically reduced by designating them as fast outputs.

Section 4 - Removed Logic Summary
---------------------------------
   2 block(s) optimized away

Section 5 - Removed Logic
-------------------------

Optimized Block(s):
TYPE 		BLOCK
GND 		XST_GND
VCC 		XST_VCC

To enable printing of redundant blocks removed and signals merged, set the
detailed map report option and rerun map.

Section 6 - IOB Properties
--------------------------

+-------------------------------------------------------------------------------------------------------------------------------------------------------------------------------+
| IOB Name                           | Type             | Direction | IO Standard          | Diff  | Drive    | Slew    | Reg (s)      | Resistor | IBUF/IFD | SUSPEND          |
|                                    |                  |           |                      | Term  | Strength | Rate    |              |          | Delay    |                  |
+-------------------------------------------------------------------------------------------------------------------------------------------------------------------------------+
| LED<0>                             | IOB              | OUTPUT    | LVCMOS33             |       | 8        | SLOW    |              |          | 0 / 0    | 3STATE           |
| LED<1>                             | IOB              | OUTPUT    | LVCMOS33             |       | 8        | SLOW    |              |          | 0 / 0    | 3STATE           |
| LED<2>                             | IOB              | OUTPUT    | LVCMOS33             |       | 8        | SLOW    |              |          | 0 / 0    | 3STATE           |
| LED<3>                             | IOB              | OUTPUT    | LVCMOS33             |       | 8        | SLOW    |              |          | 0 / 0    | 3STATE           |
| LED<4>                             | IOB              | OUTPUT    | LVCMOS33             |       | 8        | SLOW    |              |          | 0 / 0    | 3STATE           |
| LED<5>                             | IOB              | OUTPUT    | LVCMOS33             |       | 8        | SLOW    |              |          | 0 / 0    | 3STATE           |
| LED<6>                             | IOB              | OUTPUT    | LVCMOS33             |       | 8        | SLOW    |              |          | 0 / 0    | 3STATE           |
| LED<7>                             | IOB              | OUTPUT    | LVCMOS33             |       | 8        | SLOW    |              |          | 0 / 0    | 3STATE           |
| LED<8>                             | IOB              | OUTPUT    | LVCMOS25             |       | 12       | SLOW    |              |          | 0 / 0    | 3STATE           |
| LED<9>                             | IOB              | OUTPUT    | LVCMOS25             |       | 12       | SLOW    |              |          | 0 / 0    | 3STATE           |
| LED<10>                            | IOB              | OUTPUT    | LVCMOS25             |       | 12       | SLOW    |              |          | 0 / 0    | 3STATE           |
| LED<11>                            | IOB              | OUTPUT    | LVCMOS25             |       | 12       | SLOW    |              |          | 0 / 0    | 3STATE           |
| LED<12>                            | IOB              | OUTPUT    | LVCMOS25             |       | 12       | SLOW    |              |          | 0 / 0    | 3STATE           |
| LED<13>                            | IOB              | OUTPUT    | LVCMOS25             |       | 12       | SLOW    |              |          | 0 / 0    | 3STATE           |
| LED<14>                            | IOB              | OUTPUT    | LVCMOS25             |       | 12       | SLOW    |              |          | 0 / 0    | 3STATE           |
| LED<15>                            | IOB              | OUTPUT    | LVCMOS25             |       | 12       | SLOW    |              |          | 0 / 0    | 3STATE           |
| LED<16>                            | IOB              | OUTPUT    | LVCMOS25             |       | 12       | SLOW    |              |          | 0 / 0    | 3STATE           |
| LED<17>                            | IOB              | OUTPUT    | LVCMOS25             |       | 12       | SLOW    |              |          | 0 / 0    | 3STATE           |
| LED<18>                            | IOB              | OUTPUT    | LVCMOS25             |       | 12       | SLOW    |              |          | 0 / 0    | 3STATE           |
| LED<19>                            | IOB              | OUTPUT    | LVCMOS25             |       | 12       | SLOW    |              |          | 0 / 0    | 3STATE           |
| LED<20>                            | IOB              | OUTPUT    | LVCMOS25             |       | 12       | SLOW    |              |          | 0 / 0    | 3STATE           |
| LED<21>                            | IOB              | OUTPUT    | LVCMOS25             |       | 12       | SLOW    |              |          | 0 / 0    | 3STATE           |
| LED<22>                            | IOB              | OUTPUT    | LVCMOS25             |       | 12       | SLOW    |              |          | 0 / 0    | 3STATE           |
| LED<23>                            | IOB              | OUTPUT    | LVCMOS25             |       | 12       | SLOW    |              |          | 0 / 0    | 3STATE           |
| LED<24>                            | IOB              | OUTPUT    | LVCMOS25             |       | 12       | SLOW    |              |          | 0 / 0    | 3STATE           |
| LED<25>                            | IOB              | OUTPUT    | LVCMOS25             |       | 12       | SLOW    |              |          | 0 / 0    | 3STATE           |
| LED<26>                            | IOB              | OUTPUT    | LVCMOS25             |       | 12       | SLOW    |              |          | 0 / 0    | 3STATE           |
| LED<27>                            | IOB              | OUTPUT    | LVCMOS25             |       | 12       | SLOW    |              |          | 0 / 0    | 3STATE           |
| LED<28>                            | IOB              | OUTPUT    | LVCMOS25             |       | 12       | SLOW    |              |          | 0 / 0    | 3STATE           |
| LED<29>                            | IOB              | OUTPUT    | LVCMOS25             |       | 12       | SLOW    |              |          | 0 / 0    | 3STATE           |
| LED<30>                            | IOB              | OUTPUT    | LVCMOS25             |       | 12       | SLOW    |              |          | 0 / 0    | 3STATE           |
| LED<31>                            | IOB              | OUTPUT    | LVCMOS25             |       | 12       | SLOW    |              |          | 0 / 0    | 3STATE           |
| SW<0>                              | IBUF             | INPUT     | LVCMOS33             |       |          |         | IFF1         |          | 0 / 5    |                  |
| SW<1>                              | IBUF             | INPUT     | LVCMOS33             |       |          |         | IFF1         |          | 0 / 5    |                  |
| SW<2>                              | IBUF             | INPUT     | LVCMOS33             |       |          |         | IFF1         |          | 0 / 5    |                  |
| SW<3>                              | IBUF             | INPUT     | LVCMOS33             |       |          |         | IFF1         |          | 0 / 5    |                  |
| SW<4>                              | IBUF             | INPUT     | LVCMOS25             |       |          |         | IFF1         |          | 0 / 5    |                  |
| SW<5>                              | IBUF             | INPUT     | LVCMOS25             |       |          |         | IFF1         |          | 0 / 5    |                  |
| SW<6>                              | IBUF             | INPUT     | LVCMOS25             |       |          |         | IFF1         |          | 0 / 5    |                  |
| SW<7>                              | IBUF             | INPUT     | LVCMOS25             |       |          |         | IFF1         |          | 0 / 5    |                  |
| SW<8>                              | IBUF             | INPUT     | LVCMOS25             |       |          |         | IFF1         |          | 0 / 5    |                  |
| SW<9>                              | IBUF             | INPUT     | LVCMOS25             |       |          |         | IFF1         |          | 0 / 5    |                  |
| SW<10>                             | IBUF             | INPUT     | LVCMOS25             |       |          |         | IFF1         |          | 0 / 5    |                  |
| SW<11>                             | IBUF             | INPUT     | LVCMOS25             |       |          |         | IFF1         |          | 0 / 5    |                  |
| SW<12>                             | IBUF             | INPUT     | LVCMOS25             |       |          |         | IFF1         |          | 0 / 5    |                  |
| SW<13>                             | IBUF             | INPUT     | LVCMOS25             |       |          |         | IFF1         |          | 0 / 5    |                  |
| SW<14>                             | IBUF             | INPUT     | LVCMOS25             |       |          |         | IFF1         |          | 0 / 5    |                  |
| SW<15>                             | IBUF             | INPUT     | LVCMOS25             |       |          |         | IFF1         |          | 0 / 5    |                  |
| SW<16>                             | IBUF             | INPUT     | LVCMOS25             |       |          |         | IFF1         |          | 0 / 5    |                  |
| SW<17>                             | IBUF             | INPUT     | LVCMOS25             |       |          |         | IFF1         |          | 0 / 5    |                  |
| SW<18>                             | IBUF             | INPUT     | LVCMOS25             |       |          |         | IFF1         |          | 0 / 5    |                  |
| SW<19>                             | IBUF             | INPUT     | LVCMOS25             |       |          |         | IFF1         |          | 0 / 5    |                  |
| SW<20>                             | IBUF             | INPUT     | LVCMOS25             |       |          |         | IFF1         |          | 0 / 5    |                  |
| SW<21>                             | IBUF             | INPUT     | LVCMOS25             |       |          |         | IFF1         |          | 0 / 5    |                  |
| SW<22>                             | IBUF             | INPUT     | LVCMOS25             |       |          |         | IFF1         |          | 0 / 5    |                  |
| SW<23>                             | IBUF             | INPUT     | LVCMOS25             |       |          |         | IFF1         |          | 0 / 5    |                  |
| SW<24>                             | IBUF             | INPUT     | LVCMOS25             |       |          |         | IFF1         |          | 0 / 5    |                  |
| SW<25>                             | IBUF             | INPUT     | LVCMOS25             |       |          |         | IFF1         |          | 0 / 5    |                  |
| SW<26>                             | IBUF             | INPUT     | LVCMOS25             |       |          |         | IFF1         |          | 0 / 5    |                  |
| SW<27>                             | IBUF             | INPUT     | LVCMOS25             |       |          |         | IFF1         |          | 0 / 5    |                  |
| SW<28>                             | IBUF             | INPUT     | LVCMOS25             |       |          |         | IFF1         |          | 0 / 5    |                  |
| SW<29>                             | IBUF             | INPUT     | LVCMOS25             |       |          |         | IFF1         |          | 0 / 5    |                  |
| SW<30>                             | IBUF             | INPUT     | LVCMOS25             |       |          |         | IFF1         |          | 0 / 5    |                  |
| SW<31>                             | IBUF             | INPUT     | LVCMOS25             |       |          |         | IFF1         |          | 0 / 5    |                  |
| clk                                | IBUF             | INPUT     | LVCMOS33             |       |          |         |              |          | 0 / 0    |                  |
| reset                              | IBUF             | INPUT     | LVCMOS33             |       |          |         |              | PULLDOWN | 0 / 0    |                  |
+-------------------------------------------------------------------------------------------------------------------------------------------------------------------------------+

Section 7 - RPMs
----------------

Section 8 - Guide Report
------------------------
Guide not run on this design.

Section 9 - Area Group and Partition Summary
--------------------------------------------

Partition Implementation Status
-------------------------------

  No Partitions were found in this design.

-------------------------------

Area Group Information
----------------------

  No area groups were found in this design.

----------------------

Section 10 - Timing Report
--------------------------
This design was not run using timing mode.

Section 11 - Configuration String Details
-----------------------------------------
Use the "-detail" map option to print out Configuration Strings

Section 12 - Control Set Information
------------------------------------
No control set information for this architecture.

Section 13 - Utilization by Hierarchy
-------------------------------------
Use the "-detail" map option to print out the Utilization by Hierarchy section.
