Running: D:\Xilinx\13.4\ISE_DS\ISE\bin\nt\unwrapped\fuse.exe -intstyle ise -incremental -lib unisims_ver -lib unimacro_ver -lib xilinxcorelib_ver -o D:/cpu/testPCSetter_isim_beh.exe -prj D:/cpu/testPCSetter_beh.prj work.testPCSetter work.glbl 
ISim O.87xd (signature 0x2f00eba5)
Number of CPUs detected in this system: 2
Turning on mult-threading, number of parallel sub-compilation jobs: 4 
Determining compilation order of HDL files
Analyzing Verilog file "D:/cpu/PCSetter.v" into library work
Analyzing Verilog file "D:/cpu/testPCSetter.v" into library work
Analyzing Verilog file "D:/Xilinx/13.4/ISE_DS/ISE//verilog/src/glbl.v" into library work
Starting static elaboration
Completed static elaboration
Fuse Memory Usage: 64844 KB
Fuse CPU Usage: 296 ms
Compiling module PCSetter
Compiling module testPCSetter
Compiling module glbl
Time Resolution for simulation is 1ps.
Waiting for 1 sub-compilation(s) to finish...
Compiled 3 Verilog Units
Built simulation executable D:/cpu/testPCSetter_isim_beh.exe
Fuse Memory Usage: 70216 KB
Fuse CPU Usage: 358 ms
